#
# A fatal error has been detected by the Java Runtime Environment:
#
#  SIGSEGV (0xb) at pc=0x00007f80ec7c37a8, pid=7629, tid=140191631644416
#
# JRE version: 6.0_24-b24
# Java VM: OpenJDK 64-Bit Server VM (20.0-b12 mixed mode linux-amd64 compressed oops)
# Derivative: IcedTea6 1.11.4
# Distribution: Custom build (Sun Sep  2 09:46:00 UTC 2012)
# Problematic frame:
# V  [libjvm.so+0x4ef7a8]  JNI_GetCreatedJavaVMs+0x155f8
#
# If you would like to submit a bug report, please include
# instructions how to reproduce the bug and visit:
#   http://icedtea.classpath.org/bugzilla
#

---------------  T H R E A D  ---------------

Current thread (0x00007f80e42d7800):  JavaThread "*** Profiler Agent Communication Thread" daemon [_thread_in_vm, id=7651, stack(0x00007f80e8579000,0x00007f80e867a000)]

siginfo:si_signo=SIGSEGV: si_errno=0, si_code=1 (SEGV_MAPERR), si_addr=0x0000000600229210

Registers:
RAX=0x0000000600229200, RBX=0x00007f80c0000020, RCX=0x0000000000000003, RDX=0x00007f80ece7de50
RSP=0x00007f80e8678790, RBP=0x00007f80e8678790, RSI=0x00007f80e42d7800, RDI=0x0000000600229210
R8 =0x0000000000000000, R9 =0x0000000024000000, R10=0x00007f80e1010d3b, R11=0x00007f80ed0201a0
R12=0x00007f80c0000000, R13=0x00007f80e8678870, R14=0x00007f80e42d7800, R15=0x0000000000000000
RIP=0x00007f80ec7c37a8, EFLAGS=0x0000000000010206, CSGSFS=0x0000000000000033, ERR=0x0000000000000004
  TRAPNO=0x000000000000000e

Top of Stack: (sp=0x00007f80e8678790)
0x00007f80e8678790:   00007f80e86787b0 00007f80ec7c381d
0x00007f80e86787a0:   00007f80c0000000 00007f80e4004b60
0x00007f80e86787b0:   00007f80e8678820 00007f80ec7e4eae
0x00007f80e86787c0:   00007f80e42d7800 00000007254d52f0
0x00007f80e86787d0:   00007f80e42d7800 00007f80c0000020
0x00007f80e86787e0:   00007f80e42d7800 0000000000000000
0x00007f80e86787f0:   00007f8000000000 0000000000000000
0x00007f80e8678800:   00007f80c0000000 00007f80ece7af20
0x00007f80e8678810:   00007f80e8678938 0000000000000002
0x00007f80e8678820:   00007f80ece79e40 00007f80eb15da13
0x00007f80e8678830:   00007f80c00452c0 00007f80e8678930
0x00007f80e8678840:   00007f80e42d79d0 0000000000000000
0x00007f80e8678850:   00007f80e86788c8 00007f80e100596e
0x00007f80e8678860:   00007f80e100596e 000000000000000e
0x00007f80e8678870:   0000000000000000 00000007f5e531d8
0x00007f80e8678880:   00007f80e8678910 0000000000000000
0x00007f80e8678890:   00000007f5e531d8 00007f80e8678940
0x00007f80e86788a0:   00007f80e42d7800 00007f80e1010d68
0x00007f80e86788b0:   00000007f5e0ec30 0000000000000000
0x00007f80e86788c0:   00007f80e8678930 00007f80eca41baa
0x00007f80e86788d0:   00007f80e86788d0 0000000000000000
0x00007f80e86788e0:   00007f80e8678940 00000007f5e53858
0x00007f80e86788f0:   0000000000000000 00000007f5e531d8
0x00007f80e8678900:   0000000000000000 00007f80e8678930
0x00007f80e8678910:   00007f80e8678988 00007f80e10059b3
0x00007f80e8678920:   00000007f5e537f0 00007f80e100df5b
0x00007f80e8678930:   000000071bfbe5e0 000000071bfbe5c8
0x00007f80e8678940:   0000000000000002 00007f80e8678948
0x00007f80e8678950:   00000007f5d1c6f2 00007f80e86789b8
0x00007f80e8678960:   00000007f5d21628 0000000000000000
0x00007f80e8678970:   00000007f5d1c750 00007f80e8678930
0x00007f80e8678980:   00007f80e86789b8 00007f80e8678a08 

Instructions: (pc=0x00007f80ec7c37a8)
0x00007f80ec7c3788:   00 00 c0 0f 9c c0 c3 90 48 8b 05 c1 6d 6a 00 55
0x00007f80ec7c3798:   48 89 e5 80 38 00 75 20 48 8b 47 08 48 8d 78 10
0x00007f80ec7c37a8:   48 8b 40 10 5d 48 8b 80 20 01 00 00 ff e0 66 2e
0x00007f80ec7c37b8:   0f 1f 84 00 00 00 00 00 48 8b 15 21 32 6a 00 8b 

Register to memory mapping:

RAX=0x0000000600229200 is an unknown value
RBX=0x00007f80c0000020 is an unknown value
RCX=0x0000000000000003 is an unknown value
RDX=0x00007f80ece7de50: <offset 0xba9e50> in /usr/lib/jvm/java-6-openjdk/jre/lib/amd64/server/libjvm.so at 0x00007f80ec2d4000
RSP=0x00007f80e8678790 is pointing into the stack for thread: 0x00007f80e42d7800
RBP=0x00007f80e8678790 is pointing into the stack for thread: 0x00007f80e42d7800
RSI=0x00007f80e42d7800 is a thread
RDI=0x0000000600229210 is an unknown value
R8 =0x0000000000000000 is an unknown value
R9 =0x0000000024000000 is an unknown value
R10=0x00007f80e1010d3b is an Interpreter codelet
method entry point (kind = native)  [0x00007f80e1010ae0, 0x00007f80e1011320]  2112 bytes
R11=0x00007f80ed0201a0: <offset 0x16c1a0> in /usr/lib/libc.so.6 at 0x00007f80eceb4000
R12=0x00007f80c0000000 is an unknown value
R13=0x00007f80e8678870 is pointing into the stack for thread: 0x00007f80e42d7800
R14=0x00007f80e42d7800 is a thread
R15=0x0000000000000000 is an unknown value


Stack: [0x00007f80e8579000,0x00007f80e867a000],  sp=0x00007f80e8678790,  free space=1021k
Native frames: (J=compiled Java code, j=interpreted, Vv=VM code, C=native code)
V  [libjvm.so+0x4ef7a8]  JNI_GetCreatedJavaVMs+0x155f8
V  [libjvm.so+0x4ef81d]  JNI_GetCreatedJavaVMs+0x1566d
V  [libjvm.so+0x510eae]  JVM_FindSignal+0xb18e

Java frames: (J=compiled Java code, j=interpreted, Vv=VM code)
j  org.netbeans.lib.profiler.server.system.Stacks.getMethodNamesForJMethodIds(I[I[I)[B+0
j  org.netbeans.lib.profiler.server.ProfilerInterface.getMethodNamesForJMethodIds([I)Lorg/netbeans/lib/profiler/wireprotocol/MethodNamesResponse;+18
j  org.netbeans.lib.profiler.server.ProfilerServer.handleClientCommand(Lorg/netbeans/lib/profiler/wireprotocol/Command;)V+624
j  org.netbeans.lib.profiler.server.ProfilerServer.listenToClient()V+48
j  org.netbeans.lib.profiler.server.ProfilerServer.run()V+22
v  ~StubRoutines::call_stub

---------------  P R O C E S S  ---------------

Java Threads: ( => current thread )
  0x00007f808c011000 JavaThread "RMI TCP Connection(10)-127.0.0.1" daemon [_thread_in_native, id=7950, stack(0x00007f80234f5000,0x00007f80235f6000)]
  0x00007f808c00f800 JavaThread "RMI TCP Connection(idle)" daemon [_thread_blocked, id=7942, stack(0x00007f8022dee000,0x00007f8022eef000)]
  0x00007f808c00d800 JavaThread "RMI TCP Connection(idle)" daemon [_thread_blocked, id=7937, stack(0x00007f8022eef000,0x00007f8022ff0000)]
  0x00007f808c00c000 JavaThread "RMI TCP Connection(16)-127.0.0.1" daemon [_thread_in_native, id=7935, stack(0x00007f8022ff0000,0x00007f80230f1000)]
  0x00007f808c00a800 JavaThread "RMI TCP Connection(6)-127.0.0.1" daemon [_thread_blocked, id=7931, stack(0x00007f80230f1000,0x00007f80231f2000)]
  0x00007f807c01f800 JavaThread "Thread-18" daemon [_thread_blocked, id=7895, stack(0x00007f80239fa000,0x00007f8023afb000)]
  0x00007f807c01d800 JavaThread "Jicos Processer 5 Mailer" daemon [_thread_blocked, id=7894, stack(0x00007f8023afb000,0x00007f8023bfc000)]
  0x00007f807c01b800 JavaThread "Thread-17" daemon [_thread_blocked, id=7893, stack(0x00007f8023bfc000,0x00007f8023cfd000)]
  0x00007f807c019800 JavaThread "Jicos Processer 4 Mailer" daemon [_thread_blocked, id=7892, stack(0x00007f8023cfd000,0x00007f8023dfe000)]
  0x00007f807c017800 JavaThread "Thread-16" daemon [_thread_blocked, id=7891, stack(0x00007f8023dfe000,0x00007f8023eff000)]
  0x00007f807c015000 JavaThread "Jicos Processer 3 Mailer" daemon [_thread_in_native, id=7890, stack(0x00007f8023eff000,0x00007f8024000000)]
  0x00007f807c013000 JavaThread "Thread-15" daemon [_thread_blocked, id=7889, stack(0x00007f80d80f4000,0x00007f80d81f5000)]
  0x00007f807c011000 JavaThread "Jicos Processer 2 Mailer" daemon [_thread_blocked, id=7888, stack(0x00007f80d81f5000,0x00007f80d82f6000)]
  0x00007f807c00f000 JavaThread "RMI RenewClean-[127.0.0.1:51923]" daemon [_thread_blocked, id=7862, stack(0x00007f80d82f6000,0x00007f80d83f7000)]
  0x00007f807c00d000 JavaThread "RMI RenewClean-[127.0.0.1:37151]" daemon [_thread_blocked, id=7854, stack(0x00007f80d83f7000,0x00007f80d84f8000)]
  0x00007f807c00b000 JavaThread "RMI RenewClean-[127.0.0.1:46502]" daemon [_thread_blocked, id=7846, stack(0x00007f80d84f8000,0x00007f80d85f9000)]
  0x00007f808c008800 JavaThread "RMI TCP Connection(5)-127.0.0.1" daemon [_thread_in_native, id=7839, stack(0x00007f80d85f9000,0x00007f80d86fa000)]
  0x00007f808c006000 JavaThread "RMI TCP Connection(4)-127.0.0.1" daemon [_thread_blocked, id=7838, stack(0x00007f80d86fa000,0x00007f80d87fb000)]
  0x00007f808c003000 JavaThread "RMI TCP Connection(2)-127.0.0.1" daemon [_thread_in_native, id=7836, stack(0x00007f80d88fc000,0x00007f80d89fd000)]
  0x00007f807c005000 JavaThread "RMI RenewClean-[127.0.0.1:34164]" daemon [_thread_blocked, id=7832, stack(0x00007f80d89fd000,0x00007f80d8afe000)]
  0x00007f80e4008800 JavaThread "DestroyJavaVM" [_thread_blocked, id=7633, stack(0x00007f80edb94000,0x00007f80edc95000)]
  0x00007f80e43de000 JavaThread "Worker 1's ComputeThread" [_thread_blocked, id=7686, stack(0x00007f80d8afe000,0x00007f80d8bff000)]
  0x00007f80e43dc000 JavaThread "Worker 1's ComputeThread" [_thread_blocked, id=7685, stack(0x00007f80d8bff000,0x00007f80d8d00000)]
  0x00007f80e43d9800 JavaThread "Worker 1's ComputeThread" [_thread_blocked, id=7684, stack(0x00007f80d8d00000,0x00007f80d8e01000)]
  0x00007f80e43d8000 JavaThread "Worker 1's ComputeThread" [_thread_blocked, id=7683, stack(0x00007f80d8e01000,0x00007f80d8f02000)]
  0x00007f80e43d6800 JavaThread "Worker 1's ComputeThread" [_thread_blocked, id=7682, stack(0x00007f80d8f02000,0x00007f80d9003000)]
  0x00007f80e43d5000 JavaThread "Worker 1's ComputeThread" [_thread_blocked, id=7681, stack(0x00007f80d9003000,0x00007f80d9104000)]
  0x00007f80e43d3800 JavaThread "Worker 1's ComputeThread" [_thread_blocked, id=7680, stack(0x00007f80d9104000,0x00007f80d9205000)]
  0x00007f80e43d2800 JavaThread "Worker 1's ComputeThread" [_thread_blocked, id=7679, stack(0x00007f80d9205000,0x00007f80d9306000)]
  0x00007f808c001000 JavaThread "RMI TCP Connection(1)-127.0.0.1" daemon [_thread_in_native, id=7676, stack(0x00007f80d9306000,0x00007f80d9407000)]
  0x00007f80e43cc800 JavaThread "Thread-6" [_thread_blocked, id=7674, stack(0x00007f80d9407000,0x00007f80d9508000)]
  0x00007f80e43cb800 JavaThread "Jicos Processer 1 Mailer" daemon [_thread_blocked, id=7673, stack(0x00007f80d9508000,0x00007f80d9609000)]
  0x00007f80e43c5000 JavaThread "RMI Reaper" [_thread_blocked, id=7672, stack(0x00007f80d9609000,0x00007f80d970a000)]
  0x00007f80e43c3800 JavaThread "RMI TCP Accept-0" daemon [_thread_in_native, id=7671, stack(0x00007f80d970a000,0x00007f80d980b000)]
  0x00007f80e438e000 JavaThread "GC Daemon" daemon [_thread_blocked, id=7669, stack(0x00007f80d980b000,0x00007f80d990c000)]
  0x00007f80e438c800 JavaThread "RMI RenewClean-[127.0.0.1:53957]" daemon [_thread_blocked, id=7668, stack(0x00007f80d990c000,0x00007f80d9a0d000)]
  0x00007f80e438b800 JavaThread "RMI Scheduler(0)" daemon [_thread_blocked, id=7667, stack(0x00007f80d9a0d000,0x00007f80d9b0e000)]
  0x00007f80e430a800 JavaThread "Low Memory Detector" daemon [_thread_blocked, id=7663, stack(0x00007f80d9e10000,0x00007f80d9f11000)]
  0x00007f80e4308000 JavaThread "C2 CompilerThread1" daemon [_thread_in_native, id=7662, stack(0x00007f80d9f11000,0x00007f80da012000)]
  0x00007f80e4307800 JavaThread "C2 CompilerThread0" daemon [_thread_blocked, id=7661, stack(0x00007f80e8030000,0x00007f80e8131000)]
  0x00007f80ac007000 JavaThread "*** Profiler Agent Special Execution Thread 10" daemon [_thread_blocked, id=7659, stack(0x00007f80da012000,0x00007f80da113000)]
  0x00007f80e42e1800 JavaThread "*** Profiler Agent Special Execution Thread 6" daemon [_thread_blocked, id=7654, stack(0x00007f80e8131000,0x00007f80e8232000)]
  0x00007f80e42e0000 JavaThread "*** JFluid Monitor thread ***" daemon [_thread_blocked, id=7653, stack(0x00007f80e8232000,0x00007f80e8333000)]
=>0x00007f80e42d7800 JavaThread "*** Profiler Agent Communication Thread" daemon [_thread_in_vm, id=7651, stack(0x00007f80e8579000,0x00007f80e867a000)]
  0x00007f80e422a000 JavaThread "Signal Dispatcher" daemon [_thread_blocked, id=7650, stack(0x00007f80e8744000,0x00007f80e8845000)]
  0x00007f80e4228000 JavaThread "Surrogate Locker Thread (Concurrent GC)" daemon [_thread_blocked, id=7649, stack(0x00007f80e8845000,0x00007f80e8946000)]
  0x00007f80e420c000 JavaThread "Finalizer" daemon [_thread_blocked, id=7648, stack(0x00007f80e8946000,0x00007f80e8a47000)]
  0x00007f80e420a000 JavaThread "Reference Handler" daemon [_thread_blocked, id=7647, stack(0x00007f80e8a47000,0x00007f80e8b48000)]

Other Threads:
  0x00007f80e41ff800 VMThread [stack: 0x00007f80e8b48000,0x00007f80e8c49000] [id=7646]
  0x00007f80e4315800 WatcherThread [stack: 0x00007f80d9d0f000,0x00007f80d9e10000] [id=7664]

VM state:synchronizing (normal execution)

VM Mutex/Monitor currently owned by a thread:  ([mutex/lock_event])
[0x00007f80e4006390] Threads_lock - owner thread: 0x00007f80e41ff800

Heap
 par new generation   total 153344K, used 18410K [0x000000071ae00000, 0x0000000725460000, 0x0000000725460000)
  eden space 136320K,  13% used [0x000000071ae00000, 0x000000071bffa8d0, 0x0000000723320000)
  from space 17024K,   0% used [0x0000000723320000, 0x0000000723320000, 0x00000007243c0000)
  to   space 17024K,   0% used [0x00000007243c0000, 0x00000007243c0000, 0x0000000725460000)
 concurrent mark-sweep generation total 3413632K, used 2843933K [0x0000000725460000, 0x00000007f5a00000, 0x00000007f5a00000)
 concurrent-mark-sweep perm gen total 21248K, used 9406K [0x00000007f5a00000, 0x00000007f6ec0000, 0x0000000800000000)

Code Cache  [0x00007f80e1000000, 0x00007f80e1270000, 0x00007f80e4000000)
 total_blobs=558 nmethods=310 adapters=201 free_code_cache=49067520 largest_free_block=8832

Dynamic libraries:
00400000-00408000 r-xp 00000000 08:12 7631                               /usr/lib/jvm/java-6-openjdk/bin/java
00608000-00609000 rw-p 00008000 08:12 7631                               /usr/lib/jvm/java-6-openjdk/bin/java
01b48000-01b69000 rw-p 00000000 00:00 0                                  [heap]
71ae00000-7f6ec0000 rw-p 00000000 00:00 0 
7f6ec0000-800000000 rw-p 00000000 00:00 0 
7f7fd8000000-7f7fd8021000 rw-p 00000000 00:00 0 
7f7fd8021000-7f7fdc000000 ---p 00000000 00:00 0 
7f7fe0000000-7f7fe0021000 rw-p 00000000 00:00 0 
7f7fe0021000-7f7fe4000000 ---p 00000000 00:00 0 
7f7fe4000000-7f7fe4021000 rw-p 00000000 00:00 0 
7f7fe4021000-7f7fe8000000 ---p 00000000 00:00 0 
7f7fe8000000-7f7fe8021000 rw-p 00000000 00:00 0 
7f7fe8021000-7f7fec000000 ---p 00000000 00:00 0 
7f7fec000000-7f7fec021000 rw-p 00000000 00:00 0 
7f7fec021000-7f7ff0000000 ---p 00000000 00:00 0 
7f7ff0000000-7f7ff0021000 rw-p 00000000 00:00 0 
7f7ff0021000-7f7ff4000000 ---p 00000000 00:00 0 
7f7ff4000000-7f7ff4021000 rw-p 00000000 00:00 0 
7f7ff4021000-7f7ff8000000 ---p 00000000 00:00 0 
7f7ff8000000-7f7ff8021000 rw-p 00000000 00:00 0 
7f7ff8021000-7f7ffc000000 ---p 00000000 00:00 0 
7f7ffc000000-7f7ffc021000 rw-p 00000000 00:00 0 
7f7ffc021000-7f8000000000 ---p 00000000 00:00 0 
7f8000000000-7f8000021000 rw-p 00000000 00:00 0 
7f8000021000-7f8004000000 ---p 00000000 00:00 0 
7f8004000000-7f8004021000 rw-p 00000000 00:00 0 
7f8004021000-7f8008000000 ---p 00000000 00:00 0 
7f8008000000-7f8008021000 rw-p 00000000 00:00 0 
7f8008021000-7f800c000000 ---p 00000000 00:00 0 
7f800c000000-7f800c021000 rw-p 00000000 00:00 0 
7f800c021000-7f8010000000 ---p 00000000 00:00 0 
7f8010000000-7f8010021000 rw-p 00000000 00:00 0 
7f8010021000-7f8014000000 ---p 00000000 00:00 0 
7f8014000000-7f8014021000 rw-p 00000000 00:00 0 
7f8014021000-7f8018000000 ---p 00000000 00:00 0 
7f8018000000-7f8018021000 rw-p 00000000 00:00 0 
7f8018021000-7f801c000000 ---p 00000000 00:00 0 
7f801c000000-7f801c021000 rw-p 00000000 00:00 0 
7f801c021000-7f8020000000 ---p 00000000 00:00 0 
7f8022dee000-7f8022df1000 ---p 00000000 00:00 0 
7f8022df1000-7f8022eef000 rw-p 00000000 00:00 0                          [stack:7942]
7f8022eef000-7f8022ef2000 ---p 00000000 00:00 0 
7f8022ef2000-7f8022ff0000 rw-p 00000000 00:00 0                          [stack:7937]
7f8022ff0000-7f8022ff3000 ---p 00000000 00:00 0 
7f8022ff3000-7f80230f1000 rw-p 00000000 00:00 0                          [stack:7935]
7f80230f1000-7f80230f4000 ---p 00000000 00:00 0 
7f80230f4000-7f80231f2000 rw-p 00000000 00:00 0                          [stack:7931]
7f80231f2000-7f80231f5000 ---p 00000000 00:00 0 
7f80231f5000-7f80232f3000 rw-p 00000000 00:00 0 
7f80232f3000-7f80232f6000 ---p 00000000 00:00 0 
7f80232f6000-7f80233f4000 rw-p 00000000 00:00 0 
7f80233f4000-7f80233f7000 ---p 00000000 00:00 0 
7f80233f7000-7f80234f5000 rw-p 00000000 00:00 0 
7f80234f5000-7f80234f8000 ---p 00000000 00:00 0 
7f80234f8000-7f80235f6000 rw-p 00000000 00:00 0                          [stack:7950]
7f80235f6000-7f80235f9000 ---p 00000000 00:00 0 
7f80235f9000-7f80236f7000 rw-p 00000000 00:00 0 
7f80236f7000-7f80236fa000 ---p 00000000 00:00 0 
7f80236fa000-7f80237f8000 rw-p 00000000 00:00 0 
7f80237f8000-7f80237fb000 ---p 00000000 00:00 0 
7f80237fb000-7f80238f9000 rw-p 00000000 00:00 0 
7f80238f9000-7f80238fc000 ---p 00000000 00:00 0 
7f80238fc000-7f80239fa000 rw-p 00000000 00:00 0 
7f80239fa000-7f80239fd000 ---p 00000000 00:00 0 
7f80239fd000-7f8023afb000 rw-p 00000000 00:00 0                          [stack:7895]
7f8023afb000-7f8023afe000 ---p 00000000 00:00 0 
7f8023afe000-7f8023bfc000 rw-p 00000000 00:00 0                          [stack:7894]
7f8023bfc000-7f8023bff000 ---p 00000000 00:00 0 
7f8023bff000-7f8023cfd000 rw-p 00000000 00:00 0                          [stack:7893]
7f8023cfd000-7f8023d00000 ---p 00000000 00:00 0 
7f8023d00000-7f8023dfe000 rw-p 00000000 00:00 0                          [stack:7892]
7f8023dfe000-7f8023e01000 ---p 00000000 00:00 0 
7f8023e01000-7f8023eff000 rw-p 00000000 00:00 0                          [stack:7891]
7f8023eff000-7f8023f02000 ---p 00000000 00:00 0 
7f8023f02000-7f8024000000 rw-p 00000000 00:00 0                          [stack:7890]
7f8024000000-7f8024021000 rw-p 00000000 00:00 0 
7f8024021000-7f8028000000 ---p 00000000 00:00 0 
7f8028000000-7f8028021000 rw-p 00000000 00:00 0 
7f8028021000-7f802c000000 ---p 00000000 00:00 0 
7f802c000000-7f802c021000 rw-p 00000000 00:00 0 
7f802c021000-7f8030000000 ---p 00000000 00:00 0 
7f8030000000-7f8030021000 rw-p 00000000 00:00 0 
7f8030021000-7f8034000000 ---p 00000000 00:00 0 
7f8034000000-7f8034021000 rw-p 00000000 00:00 0 
7f8034021000-7f8038000000 ---p 00000000 00:00 0 
7f8038000000-7f8038021000 rw-p 00000000 00:00 0 
7f8038021000-7f803c000000 ---p 00000000 00:00 0 
7f803c000000-7f803c021000 rw-p 00000000 00:00 0 
7f803c021000-7f8040000000 ---p 00000000 00:00 0 
7f8040000000-7f8040021000 rw-p 00000000 00:00 0 
7f8040021000-7f8044000000 ---p 00000000 00:00 0 
7f8044000000-7f8044039000 rw-p 00000000 00:00 0 
7f8044039000-7f8048000000 ---p 00000000 00:00 0 
7f8048000000-7f8048021000 rw-p 00000000 00:00 0 
7f8048021000-7f804c000000 ---p 00000000 00:00 0 
7f804c000000-7f804c021000 rw-p 00000000 00:00 0 
7f804c021000-7f8050000000 ---p 00000000 00:00 0 
7f8050000000-7f8050021000 rw-p 00000000 00:00 0 
7f8050021000-7f8054000000 ---p 00000000 00:00 0 
7f8054000000-7f8054021000 rw-p 00000000 00:00 0 
7f8054021000-7f8058000000 ---p 00000000 00:00 0 
7f8058000000-7f8058021000 rw-p 00000000 00:00 0 
7f8058021000-7f805c000000 ---p 00000000 00:00 0 
7f805c000000-7f805c021000 rw-p 00000000 00:00 0 
7f805c021000-7f8060000000 ---p 00000000 00:00 0 
7f8060000000-7f8060021000 rw-p 00000000 00:00 0 
7f8060021000-7f8064000000 ---p 00000000 00:00 0 
7f8064000000-7f8064021000 rw-p 00000000 00:00 0 
7f8064021000-7f8068000000 ---p 00000000 00:00 0 
7f8068000000-7f8068021000 rw-p 00000000 00:00 0 
7f8068021000-7f806c000000 ---p 00000000 00:00 0 
7f806c000000-7f806c021000 rw-p 00000000 00:00 0 
7f806c021000-7f8070000000 ---p 00000000 00:00 0 
7f8070000000-7f8070021000 rw-p 00000000 00:00 0 
7f8070021000-7f8074000000 ---p 00000000 00:00 0 
7f8074000000-7f8074021000 rw-p 00000000 00:00 0 
7f8074021000-7f8078000000 ---p 00000000 00:00 0 
7f8078000000-7f8078021000 rw-p 00000000 00:00 0 
7f8078021000-7f807c000000 ---p 00000000 00:00 0 
7f807c000000-7f807c034000 rw-p 00000000 00:00 0 
7f807c034000-7f8080000000 ---p 00000000 00:00 0 
7f8080000000-7f8080021000 rw-p 00000000 00:00 0 
7f8080021000-7f8084000000 ---p 00000000 00:00 0 
7f8084000000-7f8084021000 rw-p 00000000 00:00 0 
7f8084021000-7f8088000000 ---p 00000000 00:00 0 
7f8088000000-7f8088021000 rw-p 00000000 00:00 0 
7f8088021000-7f808c000000 ---p 00000000 00:00 0 
7f808c000000-7f808c021000 rw-p 00000000 00:00 0 
7f808c021000-7f8090000000 ---p 00000000 00:00 0 
7f8090000000-7f8090021000 rw-p 00000000 00:00 0 
7f8090021000-7f8094000000 ---p 00000000 00:00 0 
7f8094000000-7f8094021000 rw-p 00000000 00:00 0 
7f8094021000-7f8098000000 ---p 00000000 00:00 0 
7f8098000000-7f8098021000 rw-p 00000000 00:00 0 
7f8098021000-7f809c000000 ---p 00000000 00:00 0 
7f809c000000-7f809c021000 rw-p 00000000 00:00 0 
7f809c021000-7f80a0000000 ---p 00000000 00:00 0 
7f80a0000000-7f80a0021000 rw-p 00000000 00:00 0 
7f80a0021000-7f80a4000000 ---p 00000000 00:00 0 
7f80a4000000-7f80a5118000 rw-p 00000000 00:00 0 
7f80a5118000-7f80a8000000 ---p 00000000 00:00 0 
7f80a8000000-7f80a8021000 rw-p 00000000 00:00 0 
7f80a8021000-7f80ac000000 ---p 00000000 00:00 0 
7f80ac000000-7f80ac95e000 rw-p 00000000 00:00 0 
7f80ac95e000-7f80b0000000 ---p 00000000 00:00 0 
7f80b0000000-7f80b0021000 rw-p 00000000 00:00 0 
7f80b0021000-7f80b4000000 ---p 00000000 00:00 0 
7f80b4000000-7f80b4021000 rw-p 00000000 00:00 0 
7f80b4021000-7f80b8000000 ---p 00000000 00:00 0 
7f80b8000000-7f80b8021000 rw-p 00000000 00:00 0 
7f80b8021000-7f80bc000000 ---p 00000000 00:00 0 
7f80bc000000-7f80bc021000 rw-p 00000000 00:00 0 
7f80bc021000-7f80c0000000 ---p 00000000 00:00 0 
7f80c0000000-7f80c0064000 rw-p 00000000 00:00 0 
7f80c0064000-7f80c4000000 ---p 00000000 00:00 0 
7f80c4000000-7f80c4021000 rw-p 00000000 00:00 0 
7f80c4021000-7f80c8000000 ---p 00000000 00:00 0 
7f80c8000000-7f80c8021000 rw-p 00000000 00:00 0 
7f80c8021000-7f80cc000000 ---p 00000000 00:00 0 
7f80cc000000-7f80cdbcb000 rw-p 00000000 00:00 0 
7f80cdbcb000-7f80d0000000 ---p 00000000 00:00 0 
7f80d0000000-7f80d0021000 rw-p 00000000 00:00 0 
7f80d0021000-7f80d4000000 ---p 00000000 00:00 0 
7f80d4000000-7f80d4021000 rw-p 00000000 00:00 0 
7f80d4021000-7f80d8000000 ---p 00000000 00:00 0 
7f80d80f4000-7f80d80f7000 ---p 00000000 00:00 0 
7f80d80f7000-7f80d81f5000 rw-p 00000000 00:00 0                          [stack:7889]
7f80d81f5000-7f80d81f8000 ---p 00000000 00:00 0 
7f80d81f8000-7f80d82f6000 rw-p 00000000 00:00 0                          [stack:7888]
7f80d82f6000-7f80d82f9000 ---p 00000000 00:00 0 
7f80d82f9000-7f80d83f7000 rw-p 00000000 00:00 0                          [stack:7862]
7f80d83f7000-7f80d83fa000 ---p 00000000 00:00 0 
7f80d83fa000-7f80d84f8000 rw-p 00000000 00:00 0                          [stack:7854]
7f80d84f8000-7f80d84fb000 ---p 00000000 00:00 0 
7f80d84fb000-7f80d85f9000 rw-p 00000000 00:00 0                          [stack:7846]
7f80d85f9000-7f80d85fc000 ---p 00000000 00:00 0 
7f80d85fc000-7f80d86fa000 rw-p 00000000 00:00 0                          [stack:7839]
7f80d86fa000-7f80d86fd000 ---p 00000000 00:00 0 
7f80d86fd000-7f80d87fb000 rw-p 00000000 00:00 0                          [stack:7838]
7f80d87fb000-7f80d87fe000 ---p 00000000 00:00 0 
7f80d87fe000-7f80d88fc000 rw-p 00000000 00:00 0 
7f80d88fc000-7f80d88ff000 ---p 00000000 00:00 0 
7f80d88ff000-7f80d89fd000 rw-p 00000000 00:00 0                          [stack:7836]
7f80d89fd000-7f80d8a00000 ---p 00000000 00:00 0 
7f80d8a00000-7f80d8afe000 rw-p 00000000 00:00 0                          [stack:7832]
7f80d8afe000-7f80d8b01000 ---p 00000000 00:00 0 
7f80d8b01000-7f80d8bff000 rw-p 00000000 00:00 0                          [stack:7686]
7f80d8bff000-7f80d8c02000 ---p 00000000 00:00 0 
7f80d8c02000-7f80d8d00000 rw-p 00000000 00:00 0                          [stack:7685]
7f80d8d00000-7f80d8d03000 ---p 00000000 00:00 0 
7f80d8d03000-7f80d8e01000 rw-p 00000000 00:00 0                          [stack:7684]
7f80d8e01000-7f80d8e04000 ---p 00000000 00:00 0 
7f80d8e04000-7f80d8f02000 rw-p 00000000 00:00 0                          [stack:7683]
7f80d8f02000-7f80d8f05000 ---p 00000000 00:00 0 
7f80d8f05000-7f80d9003000 rw-p 00000000 00:00 0                          [stack:7682]
7f80d9003000-7f80d9006000 ---p 00000000 00:00 0 
7f80d9006000-7f80d9104000 rw-p 00000000 00:00 0                          [stack:7681]
7f80d9104000-7f80d9107000 ---p 00000000 00:00 0 
7f80d9107000-7f80d9205000 rw-p 00000000 00:00 0                          [stack:7680]
7f80d9205000-7f80d9208000 ---p 00000000 00:00 0 
7f80d9208000-7f80d9306000 rw-p 00000000 00:00 0                          [stack:7679]
7f80d9306000-7f80d9309000 ---p 00000000 00:00 0 
7f80d9309000-7f80d9407000 rw-p 00000000 00:00 0                          [stack:7676]
7f80d9407000-7f80d940a000 ---p 00000000 00:00 0 
7f80d940a000-7f80d9508000 rw-p 00000000 00:00 0                          [stack:7674]
7f80d9508000-7f80d950b000 ---p 00000000 00:00 0 
7f80d950b000-7f80d9609000 rw-p 00000000 00:00 0                          [stack:7673]
7f80d9609000-7f80d960c000 ---p 00000000 00:00 0 
7f80d960c000-7f80d970a000 rw-p 00000000 00:00 0                          [stack:7672]
7f80d970a000-7f80d970d000 ---p 00000000 00:00 0 
7f80d970d000-7f80d980b000 rw-p 00000000 00:00 0                          [stack:7671]
7f80d980b000-7f80d980e000 ---p 00000000 00:00 0 
7f80d980e000-7f80d990c000 rw-p 00000000 00:00 0                          [stack:7669]
7f80d990c000-7f80d990f000 ---p 00000000 00:00 0 
7f80d990f000-7f80d9a0d000 rw-p 00000000 00:00 0                          [stack:7668]
7f80d9a0d000-7f80d9a10000 ---p 00000000 00:00 0 
7f80d9a10000-7f80d9b0e000 rw-p 00000000 00:00 0                          [stack:7667]
7f80d9b0e000-7f80d9b0f000 r-xp 00000000 08:12 6226                       /usr/lib/jvm/java-6-openjdk/jre/lib/amd64/librmi.so
7f80d9b0f000-7f80d9d0e000 ---p 00001000 08:12 6226                       /usr/lib/jvm/java-6-openjdk/jre/lib/amd64/librmi.so
7f80d9d0e000-7f80d9d0f000 rw-p 00000000 08:12 6226                       /usr/lib/jvm/java-6-openjdk/jre/lib/amd64/librmi.so
7f80d9d0f000-7f80d9d10000 ---p 00000000 00:00 0 
7f80d9d10000-7f80d9e10000 rw-p 00000000 00:00 0                          [stack:7664]
7f80d9e10000-7f80d9e13000 ---p 00000000 00:00 0 
7f80d9e13000-7f80d9f11000 rw-p 00000000 00:00 0                          [stack:7663]
7f80d9f11000-7f80d9f14000 ---p 00000000 00:00 0 
7f80d9f14000-7f80da012000 rw-p 00000000 00:00 0                          [stack:7662]
7f80da012000-7f80da015000 ---p 00000000 00:00 0 
7f80da015000-7f80da113000 rw-p 00000000 00:00 0                          [stack:7659]
7f80da113000-7f80da238000 rw-s 00000000 00:10 13942301                   /tmp/jfluidbuf7142647684892973791.tmp
7f80da238000-7f80da240000 r-xp 00000000 08:12 6215                       /usr/lib/jvm/java-6-openjdk/jre/lib/amd64/libnio.so
7f80da240000-7f80da43f000 ---p 00008000 08:12 6215                       /usr/lib/jvm/java-6-openjdk/jre/lib/amd64/libnio.so
7f80da43f000-7f80da440000 rw-p 00007000 08:12 6215                       /usr/lib/jvm/java-6-openjdk/jre/lib/amd64/libnio.so
7f80da440000-7f80da446000 r-xp 00000000 08:12 6251                       /usr/lib/jvm/java-6-openjdk/jre/lib/amd64/libmanagement.so
7f80da446000-7f80da645000 ---p 00006000 08:12 6251                       /usr/lib/jvm/java-6-openjdk/jre/lib/amd64/libmanagement.so
7f80da645000-7f80da646000 rw-p 00005000 08:12 6251                       /usr/lib/jvm/java-6-openjdk/jre/lib/amd64/libmanagement.so
7f80da646000-7f80da647000 ---p 00000000 00:00 0 
7f80da647000-7f80daf4f000 rw-p 00000000 00:00 0                          [stack:7645]
7f80daf4f000-7f80daf50000 ---p 00000000 00:00 0 
7f80daf50000-7f80db050000 rw-p 00000000 00:00 0                          [stack:7644]
7f80db050000-7f80db051000 ---p 00000000 00:00 0 
7f80db051000-7f80e1000000 rw-p 00000000 00:00 0                          [stack:7643]
7f80e1000000-7f80e1270000 rwxp 00000000 00:00 0 
7f80e1270000-7f80e43e0000 rw-p 00000000 00:00 0 
7f80e43e0000-7f80e8000000 ---p 00000000 00:00 0 
7f80e8030000-7f80e8033000 ---p 00000000 00:00 0 
7f80e8033000-7f80e8131000 rw-p 00000000 00:00 0                          [stack:7661]
7f80e8131000-7f80e8134000 ---p 00000000 00:00 0 
7f80e8134000-7f80e8232000 rw-p 00000000 00:00 0                          [stack:7654]
7f80e8232000-7f80e8235000 ---p 00000000 00:00 0 
7f80e8235000-7f80e8364000 rw-p 00000000 00:00 0                          [stack:7653]
7f80e8364000-7f80e8378000 r-xp 00000000 08:12 6214                       /usr/lib/jvm/java-6-openjdk/jre/lib/amd64/libnet.so
7f80e8378000-7f80e8578000 ---p 00014000 08:12 6214                       /usr/lib/jvm/java-6-openjdk/jre/lib/amd64/libnet.so
7f80e8578000-7f80e8579000 rw-p 00014000 08:12 6214                       /usr/lib/jvm/java-6-openjdk/jre/lib/amd64/libnet.so
7f80e8579000-7f80e857c000 ---p 00000000 00:00 0 
7f80e857c000-7f80e867a000 rw-p 00000000 00:00 0                          [stack:7651]
7f80e867a000-7f80e867c000 r--s 0000a000 08:14 1052093                    /home/charlesmunger/NetBeansProjects/jpregel-aws/lib/third-party/commons-codec-1/commons-codec-1.3.jar
7f80e867c000-7f80e8681000 r--s 00028000 08:14 919600                     /home/charlesmunger/NetBeansProjects/jpregel-aws/lib/third-party/httpcomponents-client-4.1/httpcore-4.1.jar
7f80e8681000-7f80e8689000 r--s 0004e000 08:14 919793                     /home/charlesmunger/NetBeansProjects/jpregel-aws/lib/third-party/httpcomponents-client-4.1/httpclient-4.1.1.jar
7f80e8689000-7f80e868b000 r--s 0000d000 08:14 920715                     /home/charlesmunger/NetBeansProjects/jpregel-aws/lib/commons-logging-1.1.1.jar
7f80e868b000-7f80e86ae000 r--s 0017c000 08:14 920780                     /home/charlesmunger/NetBeansProjects/jpregel-aws/lib/datameer-guava-11.0.1.jar
7f80e86ae000-7f80e8744000 r--s 0058e000 08:14 919611                     /home/charlesmunger/NetBeansProjects/jpregel-aws/lib/aws-java-sdk-1.3.10.jar
7f80e8744000-7f80e8747000 ---p 00000000 00:00 0 
7f80e8747000-7f80e8845000 rw-p 00000000 00:00 0                          [stack:7650]
7f80e8845000-7f80e8848000 ---p 00000000 00:00 0 
7f80e8848000-7f80e8946000 rw-p 00000000 00:00 0                          [stack:7649]
7f80e8946000-7f80e8949000 ---p 00000000 00:00 0 
7f80e8949000-7f80e8a47000 rw-p 00000000 00:00 0                          [stack:7648]
7f80e8a47000-7f80e8a4a000 ---p 00000000 00:00 0 
7f80e8a4a000-7f80e8b48000 rw-p 00000000 00:00 0                          [stack:7647]
7f80e8b48000-7f80e8b49000 ---p 00000000 00:00 0 
7f80e8b49000-7f80e8c7c000 rw-p 00000000 00:00 0                          [stack:7646]
7f80e8c7c000-7f80e8e0e000 r--s 037bf000 08:12 6179                       /usr/lib/jvm/java-6-openjdk/jre/lib/rt.jar
7f80e8e0e000-7f80e8f3e000 rw-p 00000000 00:00 0 
7f80e8f3e000-7f80e8f87000 rw-p 00000000 00:00 0 
7f80e8f87000-7f80ea4f3000 rw-p 00000000 00:00 0 
7f80ea4f3000-7f80ea53b000 rw-p 00000000 00:00 0 
7f80ea53b000-7f80ea53c000 rw-p 00000000 00:00 0 
7f80ea53c000-7f80ea53d000 ---p 00000000 00:00 0 
7f80ea53d000-7f80ea63d000 rw-p 00000000 00:00 0                          [stack:7641]
7f80ea63d000-7f80ea63e000 ---p 00000000 00:00 0 
7f80ea63e000-7f80ea73e000 rw-p 00000000 00:00 0                          [stack:7640]
7f80ea73e000-7f80ea73f000 ---p 00000000 00:00 0 
7f80ea73f000-7f80ea83f000 rw-p 00000000 00:00 0                          [stack:7639]
7f80ea83f000-7f80ea840000 ---p 00000000 00:00 0 
7f80ea840000-7f80ea940000 rw-p 00000000 00:00 0                          [stack:7638]
7f80ea940000-7f80ea941000 ---p 00000000 00:00 0 
7f80ea941000-7f80eaa41000 rw-p 00000000 00:00 0                          [stack:7637]
7f80eaa41000-7f80eaa42000 ---p 00000000 00:00 0 
7f80eaa42000-7f80eab42000 rw-p 00000000 00:00 0                          [stack:7636]
7f80eab42000-7f80eab43000 ---p 00000000 00:00 0 
7f80eab43000-7f80eac43000 rw-p 00000000 00:00 0                          [stack:7635]
7f80eac43000-7f80eac44000 ---p 00000000 00:00 0 
7f80eac44000-7f80ead44000 rw-p 00000000 00:00 0                          [stack:7634]
7f80ead44000-7f80ead4b000 r-xp 00000000 08:12 6229                       /usr/lib/jvm/java-6-openjdk/jre/lib/amd64/libzip.so
7f80ead4b000-7f80eaf4a000 ---p 00007000 08:12 6229                       /usr/lib/jvm/java-6-openjdk/jre/lib/amd64/libzip.so
7f80eaf4a000-7f80eaf4b000 rw-p 00006000 08:12 6229                       /usr/lib/jvm/java-6-openjdk/jre/lib/amd64/libzip.so
7f80eaf4b000-7f80eaf57000 r-xp 00000000 08:12 919723                     /usr/lib/libnss_files-2.16.so
7f80eaf57000-7f80eb156000 ---p 0000c000 08:12 919723                     /usr/lib/libnss_files-2.16.so
7f80eb156000-7f80eb157000 r--p 0000b000 08:12 919723                     /usr/lib/libnss_files-2.16.so
7f80eb157000-7f80eb158000 rw-p 0000c000 08:12 919723                     /usr/lib/libnss_files-2.16.so
7f80eb158000-7f80eb161000 r-xp 00000000 08:14 1985481                    /home/charlesmunger/.netbeans/7.2/lib/deployed/jdk16/linux-amd64/libprofilerinterface.so
7f80eb161000-7f80eb261000 ---p 00009000 08:14 1985481                    /home/charlesmunger/.netbeans/7.2/lib/deployed/jdk16/linux-amd64/libprofilerinterface.so
7f80eb261000-7f80eb262000 rw-p 00009000 08:14 1985481                    /home/charlesmunger/.netbeans/7.2/lib/deployed/jdk16/linux-amd64/libprofilerinterface.so
7f80eb262000-7f80eb277000 r-xp 00000000 08:12 934779                     /usr/lib/libnsl-2.16.so
7f80eb277000-7f80eb476000 ---p 00015000 08:12 934779                     /usr/lib/libnsl-2.16.so
7f80eb476000-7f80eb477000 r--p 00014000 08:12 934779                     /usr/lib/libnsl-2.16.so
7f80eb477000-7f80eb478000 rw-p 00015000 08:12 934779                     /usr/lib/libnsl-2.16.so
7f80eb478000-7f80eb47a000 rw-p 00000000 00:00 0 
7f80eb47a000-7f80eb4a7000 r-xp 00000000 08:12 6238                       /usr/lib/jvm/java-6-openjdk/jre/lib/amd64/libjava.so
7f80eb4a7000-7f80eb6a6000 ---p 0002d000 08:12 6238                       /usr/lib/jvm/java-6-openjdk/jre/lib/amd64/libjava.so
7f80eb6a6000-7f80eb6aa000 rw-p 0002c000 08:12 6238                       /usr/lib/jvm/java-6-openjdk/jre/lib/amd64/libjava.so
7f80eb6aa000-7f80eb6b9000 r-xp 00000000 08:12 6225                       /usr/lib/jvm/java-6-openjdk/jre/lib/amd64/libverify.so
7f80eb6b9000-7f80eb8b8000 ---p 0000f000 08:12 6225                       /usr/lib/jvm/java-6-openjdk/jre/lib/amd64/libverify.so
7f80eb8b8000-7f80eb8ba000 rw-p 0000e000 08:12 6225                       /usr/lib/jvm/java-6-openjdk/jre/lib/amd64/libverify.so
7f80eb8ba000-7f80eb8c1000 r-xp 00000000 08:12 919722                     /usr/lib/librt-2.16.so
7f80eb8c1000-7f80ebac0000 ---p 00007000 08:12 919722                     /usr/lib/librt-2.16.so
7f80ebac0000-7f80ebac1000 r--p 00006000 08:12 919722                     /usr/lib/librt-2.16.so
7f80ebac1000-7f80ebac2000 rw-p 00007000 08:12 919722                     /usr/lib/librt-2.16.so
7f80ebac2000-7f80ebad7000 r-xp 00000000 08:12 918393                     /usr/lib/libgcc_s.so.1
7f80ebad7000-7f80ebcd6000 ---p 00015000 08:12 918393                     /usr/lib/libgcc_s.so.1
7f80ebcd6000-7f80ebcd7000 rw-p 00014000 08:12 918393                     /usr/lib/libgcc_s.so.1
7f80ebcd7000-7f80ebdd0000 r-xp 00000000 08:12 919709                     /usr/lib/libm-2.16.so
7f80ebdd0000-7f80ebfcf000 ---p 000f9000 08:12 919709                     /usr/lib/libm-2.16.so
7f80ebfcf000-7f80ebfd0000 r--p 000f8000 08:12 919709                     /usr/lib/libm-2.16.so
7f80ebfd0000-7f80ebfd1000 rw-p 000f9000 08:12 919709                     /usr/lib/libm-2.16.so
7f80ebfd1000-7f80ec0b6000 r-xp 00000000 08:12 918397                     /usr/lib/libstdc++.so.6.0.17
7f80ec0b6000-7f80ec2b5000 ---p 000e5000 08:12 918397                     /usr/lib/libstdc++.so.6.0.17
7f80ec2b5000-7f80ec2bd000 r--p 000e4000 08:12 918397                     /usr/lib/libstdc++.so.6.0.17
7f80ec2bd000-7f80ec2bf000 rw-p 000ec000 08:12 918397                     /usr/lib/libstdc++.so.6.0.17
7f80ec2bf000-7f80ec2d4000 rw-p 00000000 00:00 0 
7f80ec2d4000-7f80ecbf0000 r-xp 00000000 08:12 6253                       /usr/lib/jvm/java-6-openjdk/jre/lib/amd64/server/libjvm.so
7f80ecbf0000-7f80ecdef000 ---p 0091c000 08:12 6253                       /usr/lib/jvm/java-6-openjdk/jre/lib/amd64/server/libjvm.so
7f80ecdef000-7f80ece8b000 rw-p 0091b000 08:12 6253                       /usr/lib/jvm/java-6-openjdk/jre/lib/amd64/server/libjvm.so
7f80ece8b000-7f80eceb4000 rw-p 00000000 00:00 0 
7f80eceb4000-7f80ed052000 r-xp 00000000 08:12 919727                     /usr/lib/libc-2.16.so
7f80ed052000-7f80ed251000 ---p 0019e000 08:12 919727                     /usr/lib/libc-2.16.so
7f80ed251000-7f80ed255000 r--p 0019d000 08:12 919727                     /usr/lib/libc-2.16.so
7f80ed255000-7f80ed257000 rw-p 001a1000 08:12 919727                     /usr/lib/libc-2.16.so
7f80ed257000-7f80ed25b000 rw-p 00000000 00:00 0 
7f80ed25b000-7f80ed25e000 r-xp 00000000 08:12 919740                     /usr/lib/libdl-2.16.so
7f80ed25e000-7f80ed45d000 ---p 00003000 08:12 919740                     /usr/lib/libdl-2.16.so
7f80ed45d000-7f80ed45e000 r--p 00002000 08:12 919740                     /usr/lib/libdl-2.16.so
7f80ed45e000-7f80ed45f000 rw-p 00003000 08:12 919740                     /usr/lib/libdl-2.16.so
7f80ed45f000-7f80ed463000 r-xp 00000000 08:12 6258                       /usr/lib/jvm/java-6-openjdk/jre/lib/amd64/jli/libjli.so
7f80ed463000-7f80ed662000 ---p 00004000 08:12 6258                       /usr/lib/jvm/java-6-openjdk/jre/lib/amd64/jli/libjli.so
7f80ed662000-7f80ed663000 rw-p 00003000 08:12 6258                       /usr/lib/jvm/java-6-openjdk/jre/lib/amd64/jli/libjli.so
7f80ed663000-7f80ed67a000 r-xp 00000000 08:12 919735                     /usr/lib/libpthread-2.16.so
7f80ed67a000-7f80ed879000 ---p 00017000 08:12 919735                     /usr/lib/libpthread-2.16.so
7f80ed879000-7f80ed87a000 r--p 00016000 08:12 919735                     /usr/lib/libpthread-2.16.so
7f80ed87a000-7f80ed87b000 rw-p 00017000 08:12 919735                     /usr/lib/libpthread-2.16.so
7f80ed87b000-7f80ed87f000 rw-p 00000000 00:00 0 
7f80ed87f000-7f80ed894000 r-xp 00000000 08:12 923775                     /usr/lib/libz.so.1.2.7
7f80ed894000-7f80eda93000 ---p 00015000 08:12 923775                     /usr/lib/libz.so.1.2.7
7f80eda93000-7f80eda94000 r--p 00014000 08:12 923775                     /usr/lib/libz.so.1.2.7
7f80eda94000-7f80eda95000 rw-p 00015000 08:12 923775                     /usr/lib/libz.so.1.2.7
7f80eda95000-7f80edab6000 r-xp 00000000 08:12 934780                     /usr/lib/ld-2.16.so
7f80edabd000-7f80edac0000 r--s 0007d000 08:12 6167                       /usr/lib/jvm/java-6-openjdk/jre/lib/jsse.jar
7f80edac0000-7f80edac9000 r--s 0006d000 08:14 920907                     /home/charlesmunger/NetBeansProjects/jpregel-aws/lib/log4j-1.2.16.jar
7f80edac9000-7f80edad0000 r--s 00037000 08:14 920906                     /home/charlesmunger/NetBeansProjects/jpregel-aws/lib/junit-4.10.jar
7f80edad0000-7f80edad4000 r--s 00034000 08:14 920748                     /home/charlesmunger/NetBeansProjects/jpregel-aws/lib/jsch-0.1.48.jar
7f80edad4000-7f80edade000 rw-p 00000000 00:00 0 
7f80edade000-7f80edb94000 rw-p 00000000 00:00 0 
7f80edb94000-7f80edb97000 ---p 00000000 00:00 0 
7f80edb97000-7f80edc99000 rw-p 00000000 00:00 0                          [stack:7633]
7f80edc9b000-7f80edc9f000 r--s 00022000 08:14 919594                     /home/charlesmunger/NetBeansProjects/jpregel-aws/lib/aws-tasks-0.4.dev.jar
7f80edc9f000-7f80edca2000 r--s 00018000 08:14 919759                     /home/charlesmunger/NetBeansProjects/jpregel-aws/lib/ant-junit.jar
7f80edca2000-7f80edca4000 r--s 00001000 08:14 919756                     /home/charlesmunger/NetBeansProjects/jpregel-aws/lib/ant-apache-log4j.jar
7f80edca4000-7f80edca6000 r--s 00002000 08:14 920793                     /home/charlesmunger/NetBeansProjects/jpregel-aws/lib/ant-junit4.jar
7f80edca6000-7f80edca7000 r--s 00003000 08:14 1320620                    /home/charlesmunger/.netbeans/7.2/lib/jfluid-server-15.jar
7f80edca7000-7f80edcaa000 r--s 00058000 08:14 1320622                    /home/charlesmunger/.netbeans/7.2/lib/jfluid-server.jar
7f80edcaa000-7f80edcb2000 rw-s 00000000 00:10 13935150                   /tmp/hsperfdata_charlesmunger/7629
7f80edcb2000-7f80edcb4000 rw-p 00000000 00:00 0 
7f80edcb4000-7f80edcb5000 ---p 00000000 00:00 0 
7f80edcb5000-7f80edcb6000 rw-p 00000000 00:00 0 
7f80edcb6000-7f80edcb7000 r--p 00021000 08:12 934780                     /usr/lib/ld-2.16.so
7f80edcb7000-7f80edcb8000 rw-p 00022000 08:12 934780                     /usr/lib/ld-2.16.so
7f80edcb8000-7f80edcb9000 rw-p 00000000 00:00 0 
7fffddaf1000-7fffddb12000 rw-p 00000000 00:00 0                          [stack]
7fffddbff000-7fffddc00000 r-xp 00000000 00:00 0                          [vdso]
ffffffffff600000-ffffffffff601000 r-xp 00000000 00:00 0                  [vsyscall]

VM Arguments:
jvm_args: -Dfile.encoding=UTF-8 -Xmx3500m -Xms3500m -Djava.security.policy=policy -XX:+UseConcMarkSweepGC -verbose:gc -XX:+AlwaysPreTouch -agentpath:/home/charlesmunger/.netbeans/7.2/lib/deployed/jdk16/linux-amd64/libprofilerinterface.so=/home/charlesmunger/.netbeans/7.2/lib,5140,10 -XX:+UseLinuxPosixThreadCPUClocks -XX:+HeapDumpOnOutOfMemoryError -XX:HeapDumpPath=/home/charlesmunger/NetBeansProjects/jpregel-aws/nbproject/private/profiler 
java_command: JpLAN.LANWorker 127.0.0.1
Launcher Type: SUN_STANDARD

Environment Variables:
JAVA_HOME=/usr/lib/jvm/java-6-openjdk
PATH=~/.gem/ruby/1.9.1/bin:/opt/android-sdk-update-manager/platform-tools/:~/.gem/ruby/1.9.1/bin:/opt/android-sdk-update-manager/platform-tools/:/usr/local/bin:/usr/bin:/bin:/usr/local/sbin:/usr/sbin:/sbin:/opt/android-sdk/tools:/usr/bin/core_perl
LD_LIBRARY_PATH=/usr/lib/jvm/java-6-openjdk/jre/lib/amd64/server:/usr/lib/jvm/java-6-openjdk/jre/lib/amd64:/usr/lib/jvm/java-6-openjdk/jre/../lib/amd64
SHELL=/bin/bash
DISPLAY=:0

Signal Handlers:
SIGSEGV: [libjvm.so+0x797e50], sa_mask[0]=0x7ffbfeff, sa_flags=0x10000004
SIGBUS: [libjvm.so+0x797e50], sa_mask[0]=0x7ffbfeff, sa_flags=0x10000004
SIGFPE: [libjvm.so+0x65fa60], sa_mask[0]=0x7ffbfeff, sa_flags=0x10000004
SIGPIPE: [libjvm.so+0x65fa60], sa_mask[0]=0x7ffbfeff, sa_flags=0x10000004
SIGXFSZ: [libjvm.so+0x65fa60], sa_mask[0]=0x7ffbfeff, sa_flags=0x10000004
SIGILL: [libjvm.so+0x65fa60], sa_mask[0]=0x7ffbfeff, sa_flags=0x10000004
SIGUSR1: SIG_DFL, sa_mask[0]=0x00000000, sa_flags=0x00000000
SIGUSR2: [libjvm.so+0x65fc20], sa_mask[0]=0x00000004, sa_flags=0x10000004
SIGHUP: [libjvm.so+0x662580], sa_mask[0]=0x7ffbfeff, sa_flags=0x10000004
SIGINT: SIG_IGN, sa_mask[0]=0x00000000, sa_flags=0x00000000
SIGTERM: [libjvm.so+0x662580], sa_mask[0]=0x7ffbfeff, sa_flags=0x10000004
SIGQUIT: [libjvm.so+0x662580], sa_mask[0]=0x7ffbfeff, sa_flags=0x10000004


---------------  S Y S T E M  ---------------

OS:Linux
uname:Linux 3.5.4-1-ARCH #1 SMP PREEMPT Sat Sep 15 08:12:04 CEST 2012 x86_64
libc:glibc 2.16 NPTL 2.16 
rlimit: STACK 8192k, CORE 0k, NPROC 144439, NOFILE 4096, AS infinity
load average:6.72 4.43 3.41

/proc/meminfo:
MemTotal:       18494024 kB
MemFree:         1119764 kB
Buffers:          102028 kB
Cached:           775964 kB
SwapCached:            0 kB
Active:         16709392 kB
Inactive:         315124 kB
Active(anon):   16136324 kB
Inactive(anon):    22620 kB
Active(file):     573068 kB
Inactive(file):   292504 kB
Unevictable:           0 kB
Mlocked:               0 kB
SwapTotal:             0 kB
SwapFree:              0 kB
Dirty:                 0 kB
Writeback:             0 kB
AnonPages:      16146524 kB
Mapped:            66924 kB
Shmem:             12420 kB
Slab:             122348 kB
SReclaimable:      96296 kB
SUnreclaim:        26052 kB
KernelStack:        4232 kB
PageTables:        38168 kB
NFS_Unstable:          0 kB
Bounce:                0 kB
WritebackTmp:          0 kB
CommitLimit:     9247012 kB
Committed_AS:   18025832 kB
VmallocTotal:   34359738367 kB
VmallocUsed:      363116 kB
VmallocChunk:   34359367375 kB
HardwareCorrupted:     0 kB
AnonHugePages:  15550464 kB
HugePages_Total:       0
HugePages_Free:        0
HugePages_Rsvd:        0
HugePages_Surp:        0
Hugepagesize:       2048 kB
DirectMap4k:       11776 kB
DirectMap2M:    17805312 kB


CPU:total 8 (4 cores per cpu, 2 threads per core) family 6 model 26 stepping 5, cmov, cx8, fxsr, mmx, sse, sse2, sse3, ssse3, sse4.1, sse4.2, popcnt, ht

Memory: 4k page, physical 18494024k(1119764k free), swap 0k(0k free)

vm_info: OpenJDK 64-Bit Server VM (20.0-b12) for linux-amd64 JRE (1.6.0_24-b24), built on Sep  2 2012 09:50:31 by "nobody" with gcc 4.7.1 20120721 (prerelease)

time: Tue Oct 16 00:24:42 2012
elapsed time: 124 seconds

